<?xml version="1.0" encoding="UTF-8"?>
<testng-results skipped="0" failed="0" total="1" passed="1">
  <reporter-output>
  </reporter-output>
  <suite name="Default suite" duration-ms="13820" started-at="2020-10-01T18:43:15Z" finished-at="2020-10-01T18:43:29Z">
    <groups>
    </groups>
    <test name="Default test" duration-ms="13820" started-at="2020-10-01T18:43:15Z" finished-at="2020-10-01T18:43:29Z">
      <class name="com.selenium.test.FileDownloadConcept">
        <test-method status="PASS" signature="setUp()[pri:0, instance:com.selenium.test.FileDownloadConcept@11531931]" name="setUp" is-config="true" duration-ms="5728" started-at="2020-10-02T00:13:15Z" finished-at="2020-10-02T00:13:21Z">
          <reporter-output>
          </reporter-output>
        </test-method> <!-- setUp -->
        <test-method status="PASS" signature="downloadFileTest()[pri:0, instance:com.selenium.test.FileDownloadConcept@11531931]" name="downloadFileTest" duration-ms="7461" started-at="2020-10-02T00:13:21Z" finished-at="2020-10-02T00:13:28Z">
          <reporter-output>
          </reporter-output>
        </test-method> <!-- downloadFileTest -->
        <test-method status="PASS" signature="teardown()[pri:0, instance:com.selenium.test.FileDownloadConcept@11531931]" name="teardown" is-config="true" duration-ms="621" started-at="2020-10-02T00:13:28Z" finished-at="2020-10-02T00:13:29Z">
          <reporter-output>
          </reporter-output>
        </test-method> <!-- teardown -->
      </class> <!-- com.selenium.test.FileDownloadConcept -->
    </test> <!-- Default test -->
  </suite> <!-- Default suite -->
</testng-results>
